<?xml version="1.0" encoding="UTF-8" ?>
<testsuite failures="0" time="0.106" errors="0" skipped="0" tests="9" name="br.com.javamagazine.domain.AuthorIntegrationTest">
  <properties>
    <property name="java.runtime.name" value="Java(TM) SE Runtime Environment"/>
    <property name="sun.boot.library.path" value="/System/Library/Frameworks/JavaVM.framework/Versions/1.6.0/Libraries"/>
    <property name="java.vm.version" value="14.3-b01-101"/>
    <property name="awt.nativeDoubleBuffering" value="true"/>
    <property name="gopherProxySet" value="false"/>
    <property name="mrj.build" value="10M3025"/>
    <property name="java.vm.vendor" value="Apple Inc."/>
    <property name="java.vendor.url" value="http://www.apple.com/"/>
    <property name="path.separator" value=":"/>
    <property name="java.vm.name" value="Java HotSpot(TM) 64-Bit Server VM"/>
    <property name="file.encoding.pkg" value="sun.io"/>
    <property name="user.country" value="US"/>
    <property name="sun.java.launcher" value="SUN_STANDARD"/>
    <property name="sun.os.patch.level" value="unknown"/>
    <property name="java.vm.specification.name" value="Java Virtual Machine Specification"/>
    <property name="user.dir" value="/Users/rodrigolazoti/Publications/JavaMagazine/Spring Roo/javamagazine"/>
    <property name="java.runtime.version" value="1.6.0_17-b04-248-10M3025"/>
    <property name="java.awt.graphicsenv" value="apple.awt.CGraphicsEnvironment"/>
    <property name="basedir" value="/Users/rodrigolazoti/Publications/JavaMagazine/Spring Roo/javamagazine"/>
    <property name="java.endorsed.dirs" value="/System/Library/Frameworks/JavaVM.framework/Versions/1.6.0/Home/lib/endorsed"/>
    <property name="os.arch" value="x86_64"/>
    <property name="surefire.real.class.path" value="/var/folders/fz/fzbuQ-cfG4CUnXzPspndHk+++TI/-Tmp-/surefirebooter473905771517337199.jar"/>
    <property name="java.io.tmpdir" value="/var/folders/fz/fzbuQ-cfG4CUnXzPspndHk+++TI/-Tmp-/"/>
    <property name="line.separator" value="
"/>
    <property name="java.vm.specification.vendor" value="Sun Microsystems Inc."/>
    <property name="os.name" value="Mac OS X"/>
    <property name="sun.jnu.encoding" value="MacRoman"/>
    <property name="java.library.path" value="/Users/rodrigolazoti/Programs/ImageMagick-6.5.8/lib:.:/Library/Java/Extensions:/System/Library/Java/Extensions:/usr/lib/java"/>
    <property name="surefire.test.class.path" value="/Users/rodrigolazoti/Publications/JavaMagazine/Spring Roo/javamagazine/target/test-classes:/Users/rodrigolazoti/Publications/JavaMagazine/Spring Roo/javamagazine/target/classes:/Users/rodrigolazoti/.m2/repository/org/junit/com.springsource.org.junit/4.7.0/com.springsource.org.junit-4.7.0.jar:/Users/rodrigolazoti/.m2/repository/org/apache/log4j/com.springsource.org.apache.log4j/1.2.15/com.springsource.org.apache.log4j-1.2.15.jar:/Users/rodrigolazoti/.m2/repository/org/apache/commons/com.springsource.org.apache.commons.logging/1.1.1/com.springsource.org.apache.commons.logging-1.1.1.jar:/Users/rodrigolazoti/.m2/repository/org/aspectj/com.springsource.org.aspectj.runtime/1.6.6.RELEASE/com.springsource.org.aspectj.runtime-1.6.6.RELEASE.jar:/Users/rodrigolazoti/.m2/repository/javax/servlet/com.springsource.javax.servlet/2.5.0/com.springsource.javax.servlet-2.5.0.jar:/Users/rodrigolazoti/.m2/repository/org/springframework/roo/org.springframework.roo.annotations/1.0.1.RELEASE/org.springframework.roo.annotations-1.0.1.RELEASE.jar:/Users/rodrigolazoti/.m2/repository/org/springframework/org.springframework.core/3.0.0.RELEASE/org.springframework.core-3.0.0.RELEASE.jar:/Users/rodrigolazoti/.m2/repository/org/springframework/org.springframework.test/3.0.0.RELEASE/org.springframework.test-3.0.0.RELEASE.jar:/Users/rodrigolazoti/.m2/repository/org/springframework/org.springframework.context/3.0.0.RELEASE/org.springframework.context-3.0.0.RELEASE.jar:/Users/rodrigolazoti/.m2/repository/org/springframework/org.springframework.asm/3.0.0.RELEASE/org.springframework.asm-3.0.0.RELEASE.jar:/Users/rodrigolazoti/.m2/repository/org/springframework/org.springframework.aop/3.0.0.RELEASE/org.springframework.aop-3.0.0.RELEASE.jar:/Users/rodrigolazoti/.m2/repository/org/aopalliance/com.springsource.org.aopalliance/1.0.0/com.springsource.org.aopalliance-1.0.0.jar:/Users/rodrigolazoti/.m2/repository/org/springframework/org.springframework.beans/3.0.0.RELEASE/org.springframework.beans-3.0.0.RELEASE.jar:/Users/rodrigolazoti/.m2/repository/org/springframework/org.springframework.expression/3.0.0.RELEASE/org.springframework.expression-3.0.0.RELEASE.jar:/Users/rodrigolazoti/.m2/repository/org/springframework/org.springframework.aspects/3.0.0.RELEASE/org.springframework.aspects-3.0.0.RELEASE.jar:/Users/rodrigolazoti/.m2/repository/org/springframework/org.springframework.transaction/3.0.0.RELEASE/org.springframework.transaction-3.0.0.RELEASE.jar:/Users/rodrigolazoti/.m2/repository/com/mysql/jdbc/com.springsource.com.mysql.jdbc/5.1.6/com.springsource.com.mysql.jdbc-5.1.6.jar:/Users/rodrigolazoti/.m2/repository/org/hibernate/com.springsource.org.hibernate.annotations/3.3.1.ga/com.springsource.org.hibernate.annotations-3.3.1.ga.jar:/Users/rodrigolazoti/.m2/repository/org/dom4j/com.springsource.org.dom4j/1.6.1/com.springsource.org.dom4j-1.6.1.jar:/Users/rodrigolazoti/.m2/repository/org/hibernate/com.springsource.org.hibernate.annotations.common/3.3.0.ga/com.springsource.org.hibernate.annotations.common-3.3.0.ga.jar:/Users/rodrigolazoti/.m2/repository/org/hibernate/com.springsource.org.hibernate/3.2.6.ga/com.springsource.org.hibernate-3.2.6.ga.jar:/Users/rodrigolazoti/.m2/repository/org/apache/commons/com.springsource.org.apache.commons.collections/3.2.0/com.springsource.org.apache.commons.collections-3.2.0.jar:/Users/rodrigolazoti/.m2/repository/org/antlr/com.springsource.antlr/2.7.6/com.springsource.antlr-2.7.6.jar:/Users/rodrigolazoti/.m2/repository/org/jboss/javassist/com.springsource.javassist/3.3.0.ga/com.springsource.javassist-3.3.0.ga.jar:/Users/rodrigolazoti/.m2/repository/net/sourceforge/cglib/com.springsource.net.sf.cglib/2.1.3/com.springsource.net.sf.cglib-2.1.3.jar:/Users/rodrigolazoti/.m2/repository/org/objectweb/asm/com.springsource.org.objectweb.asm/1.5.3/com.springsource.org.objectweb.asm-1.5.3.jar:/Users/rodrigolazoti/.m2/repository/org/objectweb/asm/com.springsource.org.objectweb.asm.attrs/1.5.3/com.springsource.org.objectweb.asm.attrs-1.5.3.jar:/Users/rodrigolazoti/.m2/repository/org/hibernate/com.springsource.org.hibernate.ejb/3.3.2.GA/com.springsource.org.hibernate.ejb-3.3.2.GA.jar:/Users/rodrigolazoti/.m2/repository/org/jboss/util/com.springsource.org.jboss.util/2.0.4.GA/com.springsource.org.jboss.util-2.0.4.GA.jar:/Users/rodrigolazoti/.m2/repository/edu/oswego/cs/concurrent/com.springsource.edu.oswego.cs.dl.util.concurrent/1.3.4/com.springsource.edu.oswego.cs.dl.util.concurrent-1.3.4.jar:/Users/rodrigolazoti/.m2/repository/net/sourceforge/ehcache/com.springsource.net.sf.ehcache/1.4.1/com.springsource.net.sf.ehcache-1.4.1.jar:/Users/rodrigolazoti/.m2/repository/net/sourceforge/jsr107cache/com.springsource.net.sf.jsr107cache/1.0.0/com.springsource.net.sf.jsr107cache-1.0.0.jar:/Users/rodrigolazoti/.m2/repository/edu/emory/mathcs/backport/com.springsource.edu.emory.mathcs.backport/3.1.0/com.springsource.edu.emory.mathcs.backport-3.1.0.jar:/Users/rodrigolazoti/.m2/repository/org/slf4j/com.springsource.slf4j.log4j/1.5.6/com.springsource.slf4j.log4j-1.5.6.jar:/Users/rodrigolazoti/.m2/repository/org/slf4j/com.springsource.slf4j.api/1.5.6/com.springsource.slf4j.api-1.5.6.jar:/Users/rodrigolazoti/.m2/repository/javax/persistence/com.springsource.javax.persistence/1.0.0/com.springsource.javax.persistence-1.0.0.jar:/Users/rodrigolazoti/.m2/repository/org/hibernate/com.springsource.org.hibernate.validator/4.0.0.GA/com.springsource.org.hibernate.validator-4.0.0.GA.jar:/Users/rodrigolazoti/.m2/repository/javax/validation/com.springsource.javax.validation/1.0.0.GA/com.springsource.javax.validation-1.0.0.GA.jar:/Users/rodrigolazoti/.m2/repository/javax/transaction/com.springsource.javax.transaction/1.1.0/com.springsource.javax.transaction-1.1.0.jar:/Users/rodrigolazoti/.m2/repository/org/apache/commons/com.springsource.org.apache.commons.dbcp/1.2.2.osgi/com.springsource.org.apache.commons.dbcp-1.2.2.osgi.jar:/Users/rodrigolazoti/.m2/repository/org/apache/commons/com.springsource.org.apache.commons.pool/1.3.0/com.springsource.org.apache.commons.pool-1.3.0.jar:/Users/rodrigolazoti/.m2/repository/org/springframework/org.springframework.jdbc/3.0.0.RELEASE/org.springframework.jdbc-3.0.0.RELEASE.jar:/Users/rodrigolazoti/.m2/repository/org/springframework/org.springframework.orm/3.0.0.RELEASE/org.springframework.orm-3.0.0.RELEASE.jar:"/>
    <property name="java.specification.name" value="Java Platform API Specification"/>
    <property name="java.class.version" value="50.0"/>
    <property name="sun.management.compiler" value="HotSpot 64-Bit Server Compiler"/>
    <property name="os.version" value="10.6.2"/>
    <property name="http.nonProxyHosts" value="local|*.local|169.254/16|*.169.254/16"/>
    <property name="user.home" value="/Users/rodrigolazoti"/>
    <property name="user.timezone" value="America/Sao_Paulo"/>
    <property name="java.awt.printerjob" value="apple.awt.CPrinterJob"/>
    <property name="java.specification.version" value="1.6"/>
    <property name="file.encoding" value="MacRoman"/>
    <property name="user.name" value="rodrigolazoti"/>
    <property name="java.class.path" value="/Users/rodrigolazoti/Publications/JavaMagazine/Spring Roo/javamagazine/target/test-classes:/Users/rodrigolazoti/Publications/JavaMagazine/Spring Roo/javamagazine/target/classes:/Users/rodrigolazoti/.m2/repository/org/junit/com.springsource.org.junit/4.7.0/com.springsource.org.junit-4.7.0.jar:/Users/rodrigolazoti/.m2/repository/org/apache/log4j/com.springsource.org.apache.log4j/1.2.15/com.springsource.org.apache.log4j-1.2.15.jar:/Users/rodrigolazoti/.m2/repository/org/apache/commons/com.springsource.org.apache.commons.logging/1.1.1/com.springsource.org.apache.commons.logging-1.1.1.jar:/Users/rodrigolazoti/.m2/repository/org/aspectj/com.springsource.org.aspectj.runtime/1.6.6.RELEASE/com.springsource.org.aspectj.runtime-1.6.6.RELEASE.jar:/Users/rodrigolazoti/.m2/repository/javax/servlet/com.springsource.javax.servlet/2.5.0/com.springsource.javax.servlet-2.5.0.jar:/Users/rodrigolazoti/.m2/repository/org/springframework/roo/org.springframework.roo.annotations/1.0.1.RELEASE/org.springframework.roo.annotations-1.0.1.RELEASE.jar:/Users/rodrigolazoti/.m2/repository/org/springframework/org.springframework.core/3.0.0.RELEASE/org.springframework.core-3.0.0.RELEASE.jar:/Users/rodrigolazoti/.m2/repository/org/springframework/org.springframework.test/3.0.0.RELEASE/org.springframework.test-3.0.0.RELEASE.jar:/Users/rodrigolazoti/.m2/repository/org/springframework/org.springframework.context/3.0.0.RELEASE/org.springframework.context-3.0.0.RELEASE.jar:/Users/rodrigolazoti/.m2/repository/org/springframework/org.springframework.asm/3.0.0.RELEASE/org.springframework.asm-3.0.0.RELEASE.jar:/Users/rodrigolazoti/.m2/repository/org/springframework/org.springframework.aop/3.0.0.RELEASE/org.springframework.aop-3.0.0.RELEASE.jar:/Users/rodrigolazoti/.m2/repository/org/aopalliance/com.springsource.org.aopalliance/1.0.0/com.springsource.org.aopalliance-1.0.0.jar:/Users/rodrigolazoti/.m2/repository/org/springframework/org.springframework.beans/3.0.0.RELEASE/org.springframework.beans-3.0.0.RELEASE.jar:/Users/rodrigolazoti/.m2/repository/org/springframework/org.springframework.expression/3.0.0.RELEASE/org.springframework.expression-3.0.0.RELEASE.jar:/Users/rodrigolazoti/.m2/repository/org/springframework/org.springframework.aspects/3.0.0.RELEASE/org.springframework.aspects-3.0.0.RELEASE.jar:/Users/rodrigolazoti/.m2/repository/org/springframework/org.springframework.transaction/3.0.0.RELEASE/org.springframework.transaction-3.0.0.RELEASE.jar:/Users/rodrigolazoti/.m2/repository/com/mysql/jdbc/com.springsource.com.mysql.jdbc/5.1.6/com.springsource.com.mysql.jdbc-5.1.6.jar:/Users/rodrigolazoti/.m2/repository/org/hibernate/com.springsource.org.hibernate.annotations/3.3.1.ga/com.springsource.org.hibernate.annotations-3.3.1.ga.jar:/Users/rodrigolazoti/.m2/repository/org/dom4j/com.springsource.org.dom4j/1.6.1/com.springsource.org.dom4j-1.6.1.jar:/Users/rodrigolazoti/.m2/repository/org/hibernate/com.springsource.org.hibernate.annotations.common/3.3.0.ga/com.springsource.org.hibernate.annotations.common-3.3.0.ga.jar:/Users/rodrigolazoti/.m2/repository/org/hibernate/com.springsource.org.hibernate/3.2.6.ga/com.springsource.org.hibernate-3.2.6.ga.jar:/Users/rodrigolazoti/.m2/repository/org/apache/commons/com.springsource.org.apache.commons.collections/3.2.0/com.springsource.org.apache.commons.collections-3.2.0.jar:/Users/rodrigolazoti/.m2/repository/org/antlr/com.springsource.antlr/2.7.6/com.springsource.antlr-2.7.6.jar:/Users/rodrigolazoti/.m2/repository/org/jboss/javassist/com.springsource.javassist/3.3.0.ga/com.springsource.javassist-3.3.0.ga.jar:/Users/rodrigolazoti/.m2/repository/net/sourceforge/cglib/com.springsource.net.sf.cglib/2.1.3/com.springsource.net.sf.cglib-2.1.3.jar:/Users/rodrigolazoti/.m2/repository/org/objectweb/asm/com.springsource.org.objectweb.asm/1.5.3/com.springsource.org.objectweb.asm-1.5.3.jar:/Users/rodrigolazoti/.m2/repository/org/objectweb/asm/com.springsource.org.objectweb.asm.attrs/1.5.3/com.springsource.org.objectweb.asm.attrs-1.5.3.jar:/Users/rodrigolazoti/.m2/repository/org/hibernate/com.springsource.org.hibernate.ejb/3.3.2.GA/com.springsource.org.hibernate.ejb-3.3.2.GA.jar:/Users/rodrigolazoti/.m2/repository/org/jboss/util/com.springsource.org.jboss.util/2.0.4.GA/com.springsource.org.jboss.util-2.0.4.GA.jar:/Users/rodrigolazoti/.m2/repository/edu/oswego/cs/concurrent/com.springsource.edu.oswego.cs.dl.util.concurrent/1.3.4/com.springsource.edu.oswego.cs.dl.util.concurrent-1.3.4.jar:/Users/rodrigolazoti/.m2/repository/net/sourceforge/ehcache/com.springsource.net.sf.ehcache/1.4.1/com.springsource.net.sf.ehcache-1.4.1.jar:/Users/rodrigolazoti/.m2/repository/net/sourceforge/jsr107cache/com.springsource.net.sf.jsr107cache/1.0.0/com.springsource.net.sf.jsr107cache-1.0.0.jar:/Users/rodrigolazoti/.m2/repository/edu/emory/mathcs/backport/com.springsource.edu.emory.mathcs.backport/3.1.0/com.springsource.edu.emory.mathcs.backport-3.1.0.jar:/Users/rodrigolazoti/.m2/repository/org/slf4j/com.springsource.slf4j.log4j/1.5.6/com.springsource.slf4j.log4j-1.5.6.jar:/Users/rodrigolazoti/.m2/repository/org/slf4j/com.springsource.slf4j.api/1.5.6/com.springsource.slf4j.api-1.5.6.jar:/Users/rodrigolazoti/.m2/repository/javax/persistence/com.springsource.javax.persistence/1.0.0/com.springsource.javax.persistence-1.0.0.jar:/Users/rodrigolazoti/.m2/repository/org/hibernate/com.springsource.org.hibernate.validator/4.0.0.GA/com.springsource.org.hibernate.validator-4.0.0.GA.jar:/Users/rodrigolazoti/.m2/repository/javax/validation/com.springsource.javax.validation/1.0.0.GA/com.springsource.javax.validation-1.0.0.GA.jar:/Users/rodrigolazoti/.m2/repository/javax/transaction/com.springsource.javax.transaction/1.1.0/com.springsource.javax.transaction-1.1.0.jar:/Users/rodrigolazoti/.m2/repository/org/apache/commons/com.springsource.org.apache.commons.dbcp/1.2.2.osgi/com.springsource.org.apache.commons.dbcp-1.2.2.osgi.jar:/Users/rodrigolazoti/.m2/repository/org/apache/commons/com.springsource.org.apache.commons.pool/1.3.0/com.springsource.org.apache.commons.pool-1.3.0.jar:/Users/rodrigolazoti/.m2/repository/org/springframework/org.springframework.jdbc/3.0.0.RELEASE/org.springframework.jdbc-3.0.0.RELEASE.jar:/Users/rodrigolazoti/.m2/repository/org/springframework/org.springframework.orm/3.0.0.RELEASE/org.springframework.orm-3.0.0.RELEASE.jar:"/>
    <property name="java.vm.specification.version" value="1.0"/>
    <property name="sun.arch.data.model" value="64"/>
    <property name="java.home" value="/System/Library/Frameworks/JavaVM.framework/Versions/1.6.0/Home"/>
    <property name="java.specification.vendor" value="Sun Microsystems Inc."/>
    <property name="user.language" value="en"/>
    <property name="awt.toolkit" value="apple.awt.CToolkit"/>
    <property name="java.vm.info" value="mixed mode"/>
    <property name="java.version" value="1.6.0_17"/>
    <property name="java.ext.dirs" value="/Library/Java/Extensions:/System/Library/Java/Extensions:/System/Library/Frameworks/JavaVM.framework/Versions/1.6.0/Home/lib/ext"/>
    <property name="sun.boot.class.path" value="/System/Library/Frameworks/JavaVM.framework/Versions/1.6.0/Classes/jsfd.jar:/System/Library/Frameworks/JavaVM.framework/Versions/1.6.0/Classes/classes.jar:/System/Library/Frameworks/JavaVM.framework/Frameworks/JavaRuntimeSupport.framework/Resources/Java/JavaRuntimeSupport.jar:/System/Library/Frameworks/JavaVM.framework/Versions/1.6.0/Classes/ui.jar:/System/Library/Frameworks/JavaVM.framework/Versions/1.6.0/Classes/laf.jar:/System/Library/Frameworks/JavaVM.framework/Versions/1.6.0/Classes/sunrsasign.jar:/System/Library/Frameworks/JavaVM.framework/Versions/1.6.0/Classes/jsse.jar:/System/Library/Frameworks/JavaVM.framework/Versions/1.6.0/Classes/jce.jar:/System/Library/Frameworks/JavaVM.framework/Versions/1.6.0/Classes/charsets.jar"/>
    <property name="java.vendor" value="Apple Inc."/>
    <property name="localRepository" value="/Users/rodrigolazoti/.m2/repository"/>
    <property name="file.separator" value="/"/>
    <property name="java.vendor.url.bug" value="http://bugreport.apple.com/"/>
    <property name="sun.cpu.endian" value="little"/>
    <property name="sun.io.unicode.encoding" value="UnicodeLittle"/>
    <property name="mrj.version" value="1060.1.6.0_17-248"/>
    <property name="socksNonProxyHosts" value="local|*.local|169.254/16|*.169.254/16"/>
    <property name="ftp.nonProxyHosts" value="local|*.local|169.254/16|*.169.254/16"/>
    <property name="sun.cpu.isalist" value=""/>
  </properties>
  <testcase time="0.013" classname="br.com.javamagazine.domain.AuthorIntegrationTest" name="testMarkerMethod"/>
  <testcase time="0.009" classname="br.com.javamagazine.domain.AuthorIntegrationTest" name="testCountAuthors"/>
  <testcase time="0.007" classname="br.com.javamagazine.domain.AuthorIntegrationTest" name="testFindAuthor"/>
  <testcase time="0.016" classname="br.com.javamagazine.domain.AuthorIntegrationTest" name="testFindAllAuthors"/>
  <testcase time="0.008" classname="br.com.javamagazine.domain.AuthorIntegrationTest" name="testFindAuthorEntries"/>
  <testcase time="0.008" classname="br.com.javamagazine.domain.AuthorIntegrationTest" name="testFlush"/>
  <testcase time="0.009" classname="br.com.javamagazine.domain.AuthorIntegrationTest" name="testMerge"/>
  <testcase time="0.006" classname="br.com.javamagazine.domain.AuthorIntegrationTest" name="testPersist"/>
  <testcase time="0.013" classname="br.com.javamagazine.domain.AuthorIntegrationTest" name="testRemove"/>
</testsuite>